mode: set
github.com/polundrra/shortlink/internal/service/errors.go:5.35,7.2 1 0
github.com/polundrra/shortlink/internal/service/service.go:13.54,17.2 1 1
github.com/polundrra/shortlink/internal/service/shortlink.go:12.84,14.16 2 1
github.com/polundrra/shortlink/internal/service/shortlink.go:18.2,18.15 1 1
github.com/polundrra/shortlink/internal/service/shortlink.go:22.2,22.17 1 1
github.com/polundrra/shortlink/internal/service/shortlink.go:14.16,16.3 1 1
github.com/polundrra/shortlink/internal/service/shortlink.go:18.15,20.3 1 1
github.com/polundrra/shortlink/internal/service/shortlink.go:25.98,27.21 2 1
github.com/polundrra/shortlink/internal/service/shortlink.go:51.2,52.16 2 1
github.com/polundrra/shortlink/internal/service/shortlink.go:56.2,56.16 1 1
github.com/polundrra/shortlink/internal/service/shortlink.go:60.2,61.16 2 1
github.com/polundrra/shortlink/internal/service/shortlink.go:65.2,65.65 1 1
github.com/polundrra/shortlink/internal/service/shortlink.go:69.2,69.18 1 1
github.com/polundrra/shortlink/internal/service/shortlink.go:27.21,31.17 3 1
github.com/polundrra/shortlink/internal/service/shortlink.go:35.3,35.13 1 1
github.com/polundrra/shortlink/internal/service/shortlink.go:48.3,48.66 1 1
github.com/polundrra/shortlink/internal/service/shortlink.go:31.17,33.4 1 1
github.com/polundrra/shortlink/internal/service/shortlink.go:35.13,37.18 2 1
github.com/polundrra/shortlink/internal/service/shortlink.go:41.4,41.20 1 1
github.com/polundrra/shortlink/internal/service/shortlink.go:45.4,45.30 1 1
github.com/polundrra/shortlink/internal/service/shortlink.go:37.18,39.5 1 1
github.com/polundrra/shortlink/internal/service/shortlink.go:41.20,43.5 1 1
github.com/polundrra/shortlink/internal/service/shortlink.go:52.16,54.3 1 1
github.com/polundrra/shortlink/internal/service/shortlink.go:56.16,58.3 1 1
github.com/polundrra/shortlink/internal/service/shortlink.go:61.16,63.3 1 0
github.com/polundrra/shortlink/internal/service/shortlink.go:65.65,67.3 1 1
github.com/polundrra/shortlink/internal/service/shortlink.go:72.68,75.13 3 1
github.com/polundrra/shortlink/internal/service/shortlink.go:88.2,88.18 1 1
github.com/polundrra/shortlink/internal/service/shortlink.go:75.13,77.17 2 1
github.com/polundrra/shortlink/internal/service/shortlink.go:81.3,83.17 3 1
github.com/polundrra/shortlink/internal/service/shortlink.go:77.17,79.4 1 0
github.com/polundrra/shortlink/internal/service/shortlink.go:83.17,85.4 1 0
github.com/polundrra/shortlink/internal/service/shortlink.go:91.32,95.12 3 1
github.com/polundrra/shortlink/internal/service/shortlink.go:99.2,100.12 2 1
github.com/polundrra/shortlink/internal/service/shortlink.go:105.2,105.12 1 1
github.com/polundrra/shortlink/internal/service/shortlink.go:95.12,97.3 1 1
github.com/polundrra/shortlink/internal/service/shortlink.go:100.12,103.3 2 1
github.com/polundrra/shortlink/internal/repo/hash_mock.go:25.61,29.2 3 0
github.com/polundrra/shortlink/internal/repo/hash_mock.go:32.59,34.2 1 0
github.com/polundrra/shortlink/internal/repo/hash_mock.go:37.92,42.2 4 0
github.com/polundrra/shortlink/internal/repo/hash_mock.go:45.96,48.2 2 0
github.com/polundrra/shortlink/internal/repo/hash_mock.go:51.92,57.2 5 0
github.com/polundrra/shortlink/internal/repo/hash_mock.go:60.91,63.2 2 0
github.com/polundrra/shortlink/internal/repo/hash_mock.go:66.91,72.2 5 0
github.com/polundrra/shortlink/internal/repo/hash_mock.go:75.90,78.2 2 0
github.com/polundrra/shortlink/internal/repo/hash_mock.go:81.72,87.2 5 0
github.com/polundrra/shortlink/internal/repo/hash_mock.go:90.78,93.2 2 0
github.com/polundrra/shortlink/internal/repo/hash_mock.go:96.85,102.2 5 0
github.com/polundrra/shortlink/internal/repo/hash_mock.go:105.86,108.2 2 0
github.com/polundrra/shortlink/internal/repo/postgres.go:15.88,19.134 3 1
github.com/polundrra/shortlink/internal/repo/postgres.go:23.2,23.12 1 1
github.com/polundrra/shortlink/internal/repo/postgres.go:19.134,21.3 1 0
github.com/polundrra/shortlink/internal/repo/postgres.go:26.88,31.107 4 1
github.com/polundrra/shortlink/internal/repo/postgres.go:39.2,39.17 1 1
github.com/polundrra/shortlink/internal/repo/postgres.go:31.107,32.27 1 0
github.com/polundrra/shortlink/internal/repo/postgres.go:36.3,36.67 1 0
github.com/polundrra/shortlink/internal/repo/postgres.go:32.27,34.4 1 0
github.com/polundrra/shortlink/internal/repo/postgres.go:42.87,47.131 4 1
github.com/polundrra/shortlink/internal/repo/postgres.go:55.2,55.18 1 1
github.com/polundrra/shortlink/internal/repo/postgres.go:47.131,48.27 1 1
github.com/polundrra/shortlink/internal/repo/postgres.go:52.3,52.66 1 0
github.com/polundrra/shortlink/internal/repo/postgres.go:48.27,50.4 1 1
github.com/polundrra/shortlink/internal/repo/postgres.go:58.68,63.92 4 1
github.com/polundrra/shortlink/internal/repo/postgres.go:67.2,67.21 1 1
github.com/polundrra/shortlink/internal/repo/postgres.go:63.92,65.3 1 0
github.com/polundrra/shortlink/internal/repo/postgres.go:70.81,75.110 4 1
github.com/polundrra/shortlink/internal/repo/postgres.go:79.2,79.20 1 1
github.com/polundrra/shortlink/internal/repo/postgres.go:75.110,77.3 1 0
github.com/polundrra/shortlink/internal/repo/repo.go:26.39,37.16 3 1
github.com/polundrra/shortlink/internal/repo/repo.go:40.2,44.19 2 1
github.com/polundrra/shortlink/internal/repo/repo.go:37.16,39.3 1 0
