mode: set
github.com/polundrra/shortlink/internal/service/errors.go:5.35,7.2 1 0
github.com/polundrra/shortlink/internal/service/service.go:14.54,19.2 1 1
github.com/polundrra/shortlink/internal/service/shortlink.go:14.84,19.16 4 0
github.com/polundrra/shortlink/internal/service/shortlink.go:23.2,23.15 1 0
github.com/polundrra/shortlink/internal/service/shortlink.go:27.2,27.17 1 0
github.com/polundrra/shortlink/internal/service/shortlink.go:19.16,21.3 1 0
github.com/polundrra/shortlink/internal/service/shortlink.go:23.15,25.3 1 0
github.com/polundrra/shortlink/internal/service/shortlink.go:30.98,32.21 2 1
github.com/polundrra/shortlink/internal/service/shortlink.go:56.2,57.16 2 1
github.com/polundrra/shortlink/internal/service/shortlink.go:61.2,61.16 1 1
github.com/polundrra/shortlink/internal/service/shortlink.go:65.2,66.16 2 0
github.com/polundrra/shortlink/internal/service/shortlink.go:70.2,70.65 1 0
github.com/polundrra/shortlink/internal/service/shortlink.go:74.2,74.18 1 0
github.com/polundrra/shortlink/internal/service/shortlink.go:32.21,36.17 3 1
github.com/polundrra/shortlink/internal/service/shortlink.go:40.3,40.13 1 1
github.com/polundrra/shortlink/internal/service/shortlink.go:53.3,53.66 1 1
github.com/polundrra/shortlink/internal/service/shortlink.go:36.17,38.4 1 1
github.com/polundrra/shortlink/internal/service/shortlink.go:40.13,42.18 2 1
github.com/polundrra/shortlink/internal/service/shortlink.go:46.4,46.20 1 1
github.com/polundrra/shortlink/internal/service/shortlink.go:50.4,50.30 1 1
github.com/polundrra/shortlink/internal/service/shortlink.go:42.18,44.5 1 1
github.com/polundrra/shortlink/internal/service/shortlink.go:46.20,48.5 1 1
github.com/polundrra/shortlink/internal/service/shortlink.go:57.16,59.3 1 1
github.com/polundrra/shortlink/internal/service/shortlink.go:61.16,63.3 1 1
github.com/polundrra/shortlink/internal/service/shortlink.go:66.16,68.3 1 0
github.com/polundrra/shortlink/internal/service/shortlink.go:70.65,72.3 1 0
github.com/polundrra/shortlink/internal/service/shortlink.go:77.68,80.13 3 0
github.com/polundrra/shortlink/internal/service/shortlink.go:93.2,93.18 1 0
github.com/polundrra/shortlink/internal/service/shortlink.go:80.13,82.17 2 0
github.com/polundrra/shortlink/internal/service/shortlink.go:86.3,88.17 3 0
github.com/polundrra/shortlink/internal/service/shortlink.go:82.17,84.4 1 0
github.com/polundrra/shortlink/internal/service/shortlink.go:88.17,90.4 1 0
github.com/polundrra/shortlink/internal/service/shortlink.go:96.32,100.12 3 1
github.com/polundrra/shortlink/internal/service/shortlink.go:104.2,105.12 2 1
github.com/polundrra/shortlink/internal/service/shortlink.go:110.2,110.12 1 1
github.com/polundrra/shortlink/internal/service/shortlink.go:100.12,102.3 1 1
github.com/polundrra/shortlink/internal/service/shortlink.go:105.12,108.3 2 1
github.com/polundrra/shortlink/internal/repo/hash_mock.go:25.61,29.2 3 0
github.com/polundrra/shortlink/internal/repo/hash_mock.go:32.59,34.2 1 0
github.com/polundrra/shortlink/internal/repo/hash_mock.go:37.92,42.2 4 0
github.com/polundrra/shortlink/internal/repo/hash_mock.go:45.96,48.2 2 0
github.com/polundrra/shortlink/internal/repo/hash_mock.go:51.92,57.2 5 0
github.com/polundrra/shortlink/internal/repo/hash_mock.go:60.91,63.2 2 0
github.com/polundrra/shortlink/internal/repo/hash_mock.go:66.91,72.2 5 0
github.com/polundrra/shortlink/internal/repo/hash_mock.go:75.90,78.2 2 0
github.com/polundrra/shortlink/internal/repo/hash_mock.go:81.72,87.2 5 0
github.com/polundrra/shortlink/internal/repo/hash_mock.go:90.78,93.2 2 0
github.com/polundrra/shortlink/internal/repo/hash_mock.go:96.85,102.2 5 0
github.com/polundrra/shortlink/internal/repo/hash_mock.go:105.86,108.2 2 0
github.com/polundrra/shortlink/internal/repo/postgres.go:15.88,19.134 3 1
github.com/polundrra/shortlink/internal/repo/postgres.go:23.2,23.12 1 1
github.com/polundrra/shortlink/internal/repo/postgres.go:19.134,21.3 1 0
github.com/polundrra/shortlink/internal/repo/postgres.go:26.88,31.107 4 1
github.com/polundrra/shortlink/internal/repo/postgres.go:39.2,39.17 1 1
github.com/polundrra/shortlink/internal/repo/postgres.go:31.107,32.27 1 0
github.com/polundrra/shortlink/internal/repo/postgres.go:36.3,36.67 1 0
github.com/polundrra/shortlink/internal/repo/postgres.go:32.27,34.4 1 0
github.com/polundrra/shortlink/internal/repo/postgres.go:42.87,47.131 4 1
github.com/polundrra/shortlink/internal/repo/postgres.go:55.2,55.18 1 1
github.com/polundrra/shortlink/internal/repo/postgres.go:47.131,48.27 1 1
github.com/polundrra/shortlink/internal/repo/postgres.go:52.3,52.66 1 0
github.com/polundrra/shortlink/internal/repo/postgres.go:48.27,50.4 1 1
github.com/polundrra/shortlink/internal/repo/postgres.go:58.68,63.92 4 1
github.com/polundrra/shortlink/internal/repo/postgres.go:67.2,67.21 1 1
github.com/polundrra/shortlink/internal/repo/postgres.go:63.92,65.3 1 0
github.com/polundrra/shortlink/internal/repo/postgres.go:70.81,75.110 4 1
github.com/polundrra/shortlink/internal/repo/postgres.go:79.2,79.20 1 1
github.com/polundrra/shortlink/internal/repo/postgres.go:75.110,77.3 1 0
github.com/polundrra/shortlink/internal/repo/repo.go:26.39,37.16 3 1
github.com/polundrra/shortlink/internal/repo/repo.go:40.2,44.19 2 1
github.com/polundrra/shortlink/internal/repo/repo.go:37.16,39.3 1 0
